<?xml version="1.0" encoding="UTF-8"?>
<testng-results ignored="0" total="1" passed="1" failed="0" skipped="0">
  <reporter-output>
  </reporter-output>
  <suite started-at="2023-04-09T18:21:51 IST" name="Default suite" finished-at="2023-04-09T18:21:51 IST" duration-ms="58">
    <groups>
    </groups>
    <test started-at="2023-04-09T18:21:51 IST" name="Default test" finished-at="2023-04-09T18:21:51 IST" duration-ms="58">
      <class name="PS1">
        <test-method is-config="true" signature="beforeRun()[pri:0, instance:PS1@40cb8df7]" started-at="2023-04-09T18:21:51 IST" name="beforeRun" finished-at="2023-04-09T18:21:51 IST" duration-ms="4" status="PASS">
          <reporter-output>
          </reporter-output>
        </test-method> <!-- beforeRun -->
        <test-method signature="testRun()[pri:0, instance:PS1@40cb8df7]" started-at="2023-04-09T18:21:51 IST" name="testRun" finished-at="2023-04-09T18:21:51 IST" duration-ms="9" status="PASS">
          <reporter-output>
          </reporter-output>
        </test-method> <!-- testRun -->
        <test-method is-config="true" signature="asfterRun()[pri:0, instance:PS1@40cb8df7]" started-at="2023-04-09T18:21:51 IST" name="asfterRun" finished-at="2023-04-09T18:21:51 IST" duration-ms="0" status="PASS">
          <reporter-output>
          </reporter-output>
        </test-method> <!-- asfterRun -->
      </class> <!-- PS1 -->
    </test> <!-- Default test -->
  </suite> <!-- Default suite -->
</testng-results>
